2024-01-28 00:24:16,251 [INFO] Activator:176 - 


2024-01-28 00:24:16,254 [INFO] Activator:177 - !SESSION log4j initialized
2024-01-28 00:24:21,740 [INFO] LogOutputStream:77 - [STDOUT_REDIRECT] 
2024-01-28 00:27:36,212 [ERROR] LogOutputStream:75 - [STDERR_REDIRECT] SLF4J: Failed to load class "org.slf4j.impl.StaticLoggerBinder".
2024-01-28 00:27:36,213 [ERROR] LogOutputStream:75 - [STDERR_REDIRECT] SLF4J: Defaulting to no-operation (NOP) logger implementation
2024-01-28 00:27:36,215 [ERROR] LogOutputStream:75 - [STDERR_REDIRECT] SLF4J: See http://www.slf4j.org/codes.html#StaticLoggerBinder for further details.
2024-01-28 00:28:17,102 [INFO] ApplicationProperties:184 - Using Application install path: C:\ST\STM32CubeIDE_1.12.0\STM32CubeIDE\plugins\com.st.stm32cube.common.mx_6.8.0.202302231600
2024-01-28 00:28:17,152 [INFO] DbMcusXml:78 - Set database path to: C:\ST\STM32CubeIDE_1.12.0\STM32CubeIDE\plugins\com.st.stm32cube.common.mx_6.8.0.202302231600\\db\/mcu/
2024-01-28 00:28:17,162 [INFO] ApiDb:274 - Set plugin database path to: C:\ST\STM32CubeIDE_1.12.0\STM32CubeIDE\plugins\com.st.stm32cube.common.mx_6.8.0.202302231600\\db\/plugins/boardmanager/
2024-01-28 00:28:17,162 [WARN] ApiDb:259 - Overriding images path with different value:  => C:\ST\STM32CubeIDE_1.12.0\STM32CubeIDE\plugins\com.st.stm32cube.common.mx_6.8.0.202302231600\\db\/plugins/mcufinder/images/
2024-01-28 00:28:17,202 [INFO] ApiDb:250 - Set database path to: C:\Users\shrey\.stmcufinder\plugins\mcufinder//mcu/
2024-01-28 00:28:17,202 [INFO] DbMcusAds:125 - Set database path to: C:\Users\shrey\.stmcufinder\plugins\mcufinder//mcu/
2024-01-28 00:28:17,252 [INFO] CrossReferenceDbSqlite:203 - Set database path to: C:\Users\shrey\.stmcufinder\plugins\mcufinder//mcu/cs/
2024-01-28 00:28:17,467 [INFO] RulesReader:64 - Compatibility file has been processed (293 Rules)
2024-01-28 00:28:17,627 [INFO] DbMcusXml:78 - Set database path to: C:\ST\STM32CubeIDE_1.12.0\STM32CubeIDE\plugins\com.st.stm32cube.common.mx_6.8.0.202302231600\\db\/mcu/
2024-01-28 00:28:17,627 [INFO] ApiDb:274 - Set plugin database path to: C:\ST\STM32CubeIDE_1.12.0\STM32CubeIDE\plugins\com.st.stm32cube.common.mx_6.8.0.202302231600\\db\/plugins/boardmanager/
2024-01-28 00:28:17,627 [INFO] ApiDb:261 - Set plugin images path to: C:\ST\STM32CubeIDE_1.12.0\STM32CubeIDE\plugins\com.st.stm32cube.common.mx_6.8.0.202302231600\\db\/plugins/mcufinder/images/
2024-01-28 00:28:17,627 [WARN] DbFile:41 - Overriding database path with different value: C:\Users\shrey\.stmcufinder\plugins\mcufinder/ => C:\Users\shrey\.stmcufinder\plugins\mcufinder
2024-01-28 00:28:17,627 [INFO] ApiDb:250 - Set database path to: C:\Users\shrey\.stmcufinder\plugins\mcufinder//mcu/
2024-01-28 00:28:17,637 [WARN] DbFile:41 - Overriding database path with different value: C:\Users\shrey\.stmcufinder\plugins\mcufinder/ => C:\Users\shrey\.stmcufinder\plugins\mcufinder
2024-01-28 00:28:17,637 [INFO] DbMcusAds:125 - Set database path to: C:\Users\shrey\.stmcufinder\plugins\mcufinder//mcu/
2024-01-28 00:28:17,637 [WARN] DbFile:41 - Overriding database path with different value: C:\Users\shrey\.stmcufinder\plugins\mcufinder/ => C:\Users\shrey\.stmcufinder\plugins\mcufinder
2024-01-28 00:28:17,637 [WARN] DbFile:41 - Overriding database path with different value: C:\Users\shrey\.stmcufinder\plugins\mcufinder/ => C:\Users\shrey\.stmcufinder\plugins\mcufinder
2024-01-28 00:28:17,637 [INFO] CrossReferenceDbSqlite:203 - Set database path to: C:\Users\shrey\.stmcufinder\plugins\mcufinder//mcu/cs/
2024-01-28 00:28:17,767 [INFO] MainPanel:253 - HeapMemory: 268435456
2024-01-28 00:28:17,957 [INFO] DbMcusXml:78 - Set database path to: C:\ST\STM32CubeIDE_1.12.0\STM32CubeIDE\plugins\com.st.stm32cube.common.mx_6.8.0.202302231600\\db\/mcu/
2024-01-28 00:28:17,957 [INFO] ApiDb:274 - Set plugin database path to: C:\ST\STM32CubeIDE_1.12.0\STM32CubeIDE\plugins\com.st.stm32cube.common.mx_6.8.0.202302231600\\db\/plugins/boardmanager/
2024-01-28 00:28:17,957 [INFO] ApiDb:261 - Set plugin images path to: C:\ST\STM32CubeIDE_1.12.0\STM32CubeIDE\plugins\com.st.stm32cube.common.mx_6.8.0.202302231600\\db\/plugins/mcufinder/images/
2024-01-28 00:28:17,957 [WARN] DbFile:41 - Overriding database path with different value: C:\Users\shrey\.stmcufinder\plugins\mcufinder/ => C:\Users\shrey\.stmcufinder\plugins\mcufinder
2024-01-28 00:28:17,957 [INFO] ApiDb:250 - Set database path to: C:\Users\shrey\.stmcufinder\plugins\mcufinder//mcu/
2024-01-28 00:28:17,957 [WARN] DbFile:41 - Overriding database path with different value: C:\Users\shrey\.stmcufinder\plugins\mcufinder/ => C:\Users\shrey\.stmcufinder\plugins\mcufinder
2024-01-28 00:28:17,957 [INFO] DbMcusAds:125 - Set database path to: C:\Users\shrey\.stmcufinder\plugins\mcufinder//mcu/
2024-01-28 00:28:17,957 [WARN] DbFile:41 - Overriding database path with different value: C:\Users\shrey\.stmcufinder\plugins\mcufinder/ => C:\Users\shrey\.stmcufinder\plugins\mcufinder
2024-01-28 00:28:17,957 [WARN] DbFile:41 - Overriding database path with different value: C:\Users\shrey\.stmcufinder\plugins\mcufinder/ => C:\Users\shrey\.stmcufinder\plugins\mcufinder
2024-01-28 00:28:17,957 [INFO] CrossReferenceDbSqlite:203 - Set database path to: C:\Users\shrey\.stmcufinder\plugins\mcufinder//mcu/cs/
2024-01-28 00:28:17,998 [INFO] ApplicationProperties:184 - Using Application install path: C:\ST\STM32CubeIDE_1.12.0\STM32CubeIDE\plugins\com.st.stm32cube.common.mx_6.8.0.202302231600
2024-01-28 00:28:17,998 [INFO] PluginManage:196 - Search for loadable plugins [exclusion list=, ]
2024-01-28 00:28:18,007 [INFO] PluginManage:310 - Check plugin analytics
2024-01-28 00:28:18,408 [INFO] AnalyticsPlugin:253 - Accepted Software Licenses: STM32CubeMX.6.8.0,STM32CubeMX.6.5.0
2024-01-28 00:28:18,418 [INFO] AnalyticsPlugin:255 - Accepted CMSIS Pack Licenses: STMicroelectronics.X-CUBE-AI.8.0.0
2024-01-28 00:28:18,418 [INFO] AnalyticsPlugin:257 - Accepted Firmware Licenses: FW.F4.1.27.0
2024-01-28 00:28:18,428 [INFO] PluginManage:359 - Loaded plugin analytics (category:tool,tabindex:-1)
2024-01-28 00:28:18,428 [INFO] PluginManage:310 - Check plugin cadmodel
2024-01-28 00:28:18,460 [INFO] CADModel:105 - Init CAD model plugin
2024-01-28 00:28:18,461 [INFO] PluginManage:359 - Loaded plugin cadmodel (category:power,tabindex:5)
2024-01-28 00:28:18,461 [INFO] PluginManage:310 - Check plugin clock
2024-01-28 00:28:18,492 [INFO] PluginManage:359 - Loaded plugin clock (category:base,tabindex:2)
2024-01-28 00:28:18,492 [INFO] PluginManage:310 - Check plugin ddr
2024-01-28 00:28:18,502 [INFO] PluginManage:359 - Loaded plugin ddr (category:tool,tabindex:6)
2024-01-28 00:28:18,502 [INFO] PluginManage:310 - Check plugin filemanager
2024-01-28 00:28:18,782 [INFO] PluginManage:359 - Loaded plugin filemanager (category:base,tabindex:10)
2024-01-28 00:28:18,782 [INFO] PluginManage:310 - Check plugin ipmanager
2024-01-28 00:28:18,792 [INFO] PluginManage:359 - Loaded plugin ipmanager (category:base,tabindex:5)
2024-01-28 00:28:18,792 [INFO] PluginManage:310 - Check plugin lpbam
2024-01-28 00:28:18,832 [INFO] PluginManage:359 - Loaded plugin lpbam (category:base,tabindex:0)
2024-01-28 00:28:18,832 [INFO] PluginManage:310 - Check plugin pinoutandconfiguration
2024-01-28 00:28:18,862 [INFO] PluginManage:359 - Loaded plugin pinoutandconfiguration (category:base,tabindex:1)
2024-01-28 00:28:18,862 [INFO] PluginManage:310 - Check plugin pinoutconfig
2024-01-28 00:28:19,032 [WARN] SupportedApi:132 - Cannot load RTOS API schema: s4s-elt-must-match.1: The content of 'definitions' must match (annotation?, (simpleType | complexType)?, (unique | key | keyref)*)). A problem was found starting at: attribute.
2024-01-28 00:28:19,301 [INFO] PluginManage:359 - Loaded plugin pinoutconfig (category:base,tabindex:0)
2024-01-28 00:28:19,301 [INFO] PluginManage:310 - Check plugin power
2024-01-28 00:28:19,331 [INFO] PluginManage:359 - Loaded plugin power (category:power,tabindex:4)
2024-01-28 00:28:19,331 [INFO] PluginManage:310 - Check plugin projectmanager
2024-01-28 00:28:19,361 [INFO] PluginManage:359 - Loaded plugin projectmanager (category:projectmanager,tabindex:3)
2024-01-28 00:28:19,361 [INFO] PluginManage:310 - Check plugin thirdparty
2024-01-28 00:28:19,817 [INFO] PluginManage:359 - Loaded plugin thirdparty (category:base,tabindex:-1)
2024-01-28 00:28:19,817 [INFO] PluginManage:310 - Check plugin tools
2024-01-28 00:28:19,817 [WARN] IntegrityCheckThread:84 - waiting for thirdparty lock release [integrity check]
2024-01-28 00:28:19,817 [INFO] IntegrityCheckThread:86 - entering critical section [integrity check]
2024-01-28 00:28:19,817 [INFO] ThirdPartyUpdaterWithRetryManager:70 - Updater plugin not ready yet. [1/15]
2024-01-28 00:28:19,867 [INFO] PluginManage:359 - Loaded plugin tools (category:base,tabindex:7)
2024-01-28 00:28:19,867 [INFO] PluginManage:310 - Check plugin tutovideos
2024-01-28 00:28:20,227 [INFO] PluginManage:359 - Loaded plugin tutovideos (category:base,tabindex:-1)
2024-01-28 00:28:20,227 [INFO] PluginManage:310 - Check plugin updater
2024-01-28 00:28:20,247 [INFO] PluginManage:359 - Loaded plugin updater (category:base,tabindex:12)
2024-01-28 00:28:20,247 [INFO] PluginManage:283 - PluginManage : Loaded plugins [15]
2024-01-28 00:28:20,698 [INFO] PinOutPanel:1499 - setPackage(No Configuration,No Configuration)
2024-01-28 00:28:20,798 [INFO] CADModel:165 - CPN selected for project level
2024-01-28 00:28:20,798 [INFO] CADModel:114 - Register for checkConnection events
2024-01-28 00:28:20,826 [INFO] IPUIPlugin:80 - create IPUIPlugin
2024-01-28 00:28:20,826 [INFO] PluginManager:220 - loadIPPluginJar : add adc
2024-01-28 00:28:20,866 [INFO] IPUIPlugin:80 - create IPUIPlugin
2024-01-28 00:28:20,866 [INFO] PluginManager:220 - loadIPPluginJar : add aes
2024-01-28 00:28:20,917 [INFO] IPUIPlugin:80 - create IPUIPlugin
2024-01-28 00:28:20,917 [INFO] PluginManager:220 - loadIPPluginJar : add can
2024-01-28 00:28:20,937 [INFO] IPUIPlugin:80 - create IPUIPlugin
2024-01-28 00:28:20,937 [INFO] PluginManager:220 - loadIPPluginJar : add comp
2024-01-28 00:28:20,977 [INFO] IPUIPlugin:80 - create IPUIPlugin
2024-01-28 00:28:20,977 [INFO] PluginManager:220 - loadIPPluginJar : add cryp
2024-01-28 00:28:21,007 [INFO] IPUIPlugin:80 - create IPUIPlugin
2024-01-28 00:28:21,007 [INFO] PluginManager:220 - loadIPPluginJar : add dfsdm
2024-01-28 00:28:21,017 [INFO] IPUIPlugin:80 - create IPUIPlugin
2024-01-28 00:28:21,017 [INFO] PluginManager:220 - loadIPPluginJar : add dma
2024-01-28 00:28:21,067 [INFO] IPUIPlugin:80 - create IPUIPlugin
2024-01-28 00:28:21,067 [INFO] PluginManager:220 - loadIPPluginJar : add dma3
2024-01-28 00:28:21,087 [INFO] IPUIPlugin:80 - create IPUIPlugin
2024-01-28 00:28:21,087 [INFO] PluginManager:220 - loadIPPluginJar : add fatfs
2024-01-28 00:28:21,137 [INFO] IPUIPlugin:80 - create IPUIPlugin
2024-01-28 00:28:21,137 [INFO] PluginManager:220 - loadIPPluginJar : add fmc
2024-01-28 00:28:21,167 [INFO] IPUIPlugin:80 - create IPUIPlugin
2024-01-28 00:28:21,167 [INFO] PluginManager:220 - loadIPPluginJar : add freertos
2024-01-28 00:28:21,187 [INFO] IPUIPlugin:80 - create IPUIPlugin
2024-01-28 00:28:21,187 [INFO] PluginManager:220 - loadIPPluginJar : add genericplugin
2024-01-28 00:28:21,307 [INFO] IPUIPlugin:80 - create IPUIPlugin
2024-01-28 00:28:21,307 [INFO] PluginManager:220 - loadIPPluginJar : add gfxmmu
2024-01-28 00:28:21,447 [INFO] IPUIPlugin:80 - create IPUIPlugin
2024-01-28 00:28:21,447 [INFO] PluginManager:220 - loadIPPluginJar : add gic
2024-01-28 00:28:21,472 [INFO] IPUIPlugin:80 - create IPUIPlugin
2024-01-28 00:28:21,472 [INFO] PluginManager:220 - loadIPPluginJar : add gpio
2024-01-28 00:28:21,582 [INFO] IPUIPlugin:80 - create IPUIPlugin
2024-01-28 00:28:21,582 [INFO] PluginManager:220 - loadIPPluginJar : add gtzc
2024-01-28 00:28:21,612 [INFO] IPUIPlugin:80 - create IPUIPlugin
2024-01-28 00:28:21,612 [INFO] PluginManager:220 - loadIPPluginJar : add hash
2024-01-28 00:28:21,702 [INFO] IPUIPlugin:80 - create IPUIPlugin
2024-01-28 00:28:21,702 [INFO] PluginManager:220 - loadIPPluginJar : add i2c
2024-01-28 00:28:21,752 [INFO] IPUIPlugin:80 - create IPUIPlugin
2024-01-28 00:28:21,752 [INFO] PluginManager:220 - loadIPPluginJar : add i2s
2024-01-28 00:28:21,802 [INFO] IPUIPlugin:80 - create IPUIPlugin
2024-01-28 00:28:21,802 [INFO] PluginManager:220 - loadIPPluginJar : add i3c
2024-01-28 00:28:21,962 [INFO] IPUIPlugin:80 - create IPUIPlugin
2024-01-28 00:28:21,962 [INFO] PluginManager:220 - loadIPPluginJar : add ipddr
2024-01-28 00:28:22,052 [INFO] IPUIPlugin:80 - create IPUIPlugin
2024-01-28 00:28:22,052 [INFO] PluginManager:220 - loadIPPluginJar : add linkedlist
2024-01-28 00:28:22,092 [INFO] IPUIPlugin:80 - create IPUIPlugin
2024-01-28 00:28:22,092 [INFO] PluginManager:220 - loadIPPluginJar : add lorawan
2024-01-28 00:28:22,122 [INFO] IPUIPlugin:80 - create IPUIPlugin
2024-01-28 00:28:22,122 [INFO] PluginManager:220 - loadIPPluginJar : add ltdc
2024-01-28 00:28:22,142 [INFO] IPUIPlugin:80 - create IPUIPlugin
2024-01-28 00:28:22,142 [INFO] PluginManager:220 - loadIPPluginJar : add mdma
2024-01-28 00:28:22,162 [INFO] IPUIPlugin:80 - create IPUIPlugin
2024-01-28 00:28:22,162 [INFO] PluginManager:220 - loadIPPluginJar : add nvic
2024-01-28 00:28:22,215 [INFO] IPUIPlugin:80 - create IPUIPlugin
2024-01-28 00:28:22,215 [INFO] PluginManager:220 - loadIPPluginJar : add opamp
2024-01-28 00:28:22,277 [INFO] IPUIPlugin:80 - create IPUIPlugin
2024-01-28 00:28:22,277 [INFO] PluginManager:220 - loadIPPluginJar : add openamp
2024-01-28 00:28:22,337 [INFO] IPUIPlugin:80 - create IPUIPlugin
2024-01-28 00:28:22,337 [INFO] PluginManager:220 - loadIPPluginJar : add pdm2pcm
2024-01-28 00:28:22,357 [INFO] IPUIPlugin:80 - create IPUIPlugin
2024-01-28 00:28:22,367 [INFO] PluginManager:220 - loadIPPluginJar : add plateformsettings
2024-01-28 00:28:22,387 [INFO] IPUIPlugin:80 - create IPUIPlugin
2024-01-28 00:28:22,387 [INFO] PluginManager:220 - loadIPPluginJar : add quadspi
2024-01-28 00:28:22,398 [INFO] IPUIPlugin:80 - create IPUIPlugin
2024-01-28 00:28:22,398 [INFO] PluginManager:220 - loadIPPluginJar : add resmgrutility
2024-01-28 00:28:22,457 [INFO] IPUIPlugin:80 - create IPUIPlugin
2024-01-28 00:28:22,457 [INFO] PluginManager:220 - loadIPPluginJar : add sai
2024-01-28 00:28:22,498 [INFO] IPUIPlugin:80 - create IPUIPlugin
2024-01-28 00:28:22,498 [INFO] PluginManager:220 - loadIPPluginJar : add spi
2024-01-28 00:28:22,567 [INFO] IPUIPlugin:80 - create IPUIPlugin
2024-01-28 00:28:22,567 [INFO] PluginManager:220 - loadIPPluginJar : add stm32_wpan
2024-01-28 00:28:22,587 [INFO] IPUIPlugin:80 - create IPUIPlugin
2024-01-28 00:28:22,587 [INFO] PluginManager:220 - loadIPPluginJar : add tim
2024-01-28 00:28:22,647 [INFO] IPUIPlugin:80 - create IPUIPlugin
2024-01-28 00:28:22,647 [INFO] PluginManager:220 - loadIPPluginJar : add touchsensing
2024-01-28 00:28:22,677 [INFO] IPUIPlugin:80 - create IPUIPlugin
2024-01-28 00:28:22,677 [INFO] PluginManager:220 - loadIPPluginJar : add tracer_emb
2024-01-28 00:28:22,698 [INFO] IPUIPlugin:80 - create IPUIPlugin
2024-01-28 00:28:22,698 [INFO] PluginManager:220 - loadIPPluginJar : add ts
2024-01-28 00:28:22,727 [INFO] IPUIPlugin:80 - create IPUIPlugin
2024-01-28 00:28:22,727 [INFO] PluginManager:220 - loadIPPluginJar : add tsc
2024-01-28 00:28:22,747 [INFO] IPUIPlugin:80 - create IPUIPlugin
2024-01-28 00:28:22,747 [INFO] PluginManager:220 - loadIPPluginJar : add ucpd
2024-01-28 00:28:22,798 [INFO] IPUIPlugin:80 - create IPUIPlugin
2024-01-28 00:28:22,798 [INFO] PluginManager:220 - loadIPPluginJar : add usart
2024-01-28 00:28:22,817 [INFO] ThirdPartyUpdaterWithRetryManager:70 - Updater plugin not ready yet. [2/15]
2024-01-28 00:28:22,847 [INFO] IPUIPlugin:80 - create IPUIPlugin
2024-01-28 00:28:22,847 [INFO] PluginManager:220 - loadIPPluginJar : add usbx
2024-01-28 00:28:23,049 [INFO] CADModel:165 - CPN selected for project level
2024-01-28 00:28:23,049 [INFO] CADModel:114 - Register for checkConnection events
2024-01-28 00:28:23,049 [FATAL] Updater:308 - Updater called before beeing initialized
2024-01-28 00:28:23,049 [ERROR] CADModel:125 - Updater not yet initialized, retry later 
2024-01-28 00:28:23,278 [INFO] CADModel:165 - CPN selected for project level
2024-01-28 00:28:23,278 [INFO] CADModel:114 - Register for checkConnection events
2024-01-28 00:28:23,278 [FATAL] Updater:308 - Updater called before beeing initialized
2024-01-28 00:28:23,278 [ERROR] CADModel:125 - Updater not yet initialized, retry later 
2024-01-28 00:28:23,288 [FATAL] Updater:308 - Updater called before beeing initialized
2024-01-28 00:28:23,504 [FATAL] Updater:308 - Updater called before beeing initialized
2024-01-28 00:28:23,524 [INFO] DbMcusAds:53 - JSON generation date=Tue Mar 07 14:20:55 IST 2023 (1678179055335)
2024-01-28 00:28:23,524 [FATAL] Updater:308 - Updater called before beeing initialized
2024-01-28 00:28:23,634 [WARN] DetailPanel:346 - Failed to get advertising image, set to default
2024-01-28 00:28:23,844 [FATAL] Updater:308 - Updater called before beeing initialized
2024-01-28 00:28:23,844 [FATAL] Updater:308 - Updater called before beeing initialized
2024-01-28 00:28:23,844 [FATAL] Updater:308 - Updater called before beeing initialized
2024-01-28 00:28:23,844 [WARN] DetailPanel:346 - Failed to get advertising image, set to default
2024-01-28 00:28:23,854 [FATAL] Updater:308 - Updater called before beeing initialized
2024-01-28 00:28:23,954 [ERROR] Updater:1120 - MainUpdater not yet initialized. External WinMGr cannot be set.
2024-01-28 00:28:23,964 [INFO] Updater:1056 - Updater Version found : 6.8.0
2024-01-28 00:28:23,998 [INFO] ApplicationProperties:184 - Using Application install path: C:\ST\STM32CubeIDE_1.12.0\STM32CubeIDE\plugins\com.st.stm32cube.common.mx_6.8.0.202302231600
2024-01-28 00:28:24,074 [INFO] MainUpdater:519 - Copy updater definitions from MX database
2024-01-28 00:28:25,020 [INFO] MainUpdater:2854 - connection check result : 10
2024-01-28 00:28:25,020 [INFO] MainUpdater:3548 - Updater definition file requires update
2024-01-28 00:28:25,020 [INFO] MainUpdater:283 - Updater Check For Update Now.
2024-01-28 00:28:25,020 [INFO] MicroXplorer:498 - Change Database Version : DB.6.0.80
2024-01-28 00:28:25,825 [WARN] MainUpdater:1187 - Updater busy. Cannot search thirdparties
2024-01-28 00:28:25,825 [INFO] ThirdPartyUpdaterWithRetryManager:96 - Updater plugin is busy. [1/15]
2024-01-28 00:28:26,816 [INFO] ServerAccessManage:473 - Download File updaters.zip
2024-01-28 00:28:26,886 [INFO] FileExtend:240 - Unzip File : updaters.zip
2024-01-28 00:28:26,886 [INFO] FileExtend:255 - Standard Zip Deflate
2024-01-28 00:28:28,361 [INFO] ServerAccessManage:473 - Download File PacksControlFlags.xml
2024-01-28 00:28:28,832 [WARN] MainUpdater:1187 - Updater busy. Cannot search thirdparties
2024-01-28 00:28:28,832 [INFO] ThirdPartyUpdaterWithRetryManager:96 - Updater plugin is busy. [2/15]
2024-01-28 00:28:29,361 [INFO] ServerAccessManage:473 - Download File cubemx.pidx
2024-01-28 00:28:30,626 [INFO] ServerAccessManage:473 - Download File STMicroelectronics.FP-SNS-MOTENVWB1.pdsc
2024-01-28 00:28:31,841 [WARN] MainUpdater:1187 - Updater busy. Cannot search thirdparties
2024-01-28 00:28:31,841 [INFO] ThirdPartyUpdaterWithRetryManager:96 - Updater plugin is busy. [3/15]
2024-01-28 00:28:32,931 [INFO] ServerAccessManage:473 - Download File STMicroelectronics.X-CUBE-EEPRMA1.pdsc
2024-01-28 00:28:34,691 [ERROR] ServerAccessManage:1089 - Problem, file not found on Server
2024-01-28 00:28:34,851 [WARN] MainUpdater:1187 - Updater busy. Cannot search thirdparties
2024-01-28 00:28:34,851 [INFO] ThirdPartyUpdaterWithRetryManager:96 - Updater plugin is busy. [4/15]
2024-01-28 00:28:37,419 [ERROR] ServerAccessManage:1089 - Problem, file not found on Server
2024-01-28 00:28:37,854 [WARN] MainUpdater:1187 - Updater busy. Cannot search thirdparties
2024-01-28 00:28:37,854 [INFO] ThirdPartyUpdaterWithRetryManager:96 - Updater plugin is busy. [5/15]
2024-01-28 00:28:40,864 [WARN] MainUpdater:1187 - Updater busy. Cannot search thirdparties
2024-01-28 00:28:40,864 [INFO] ThirdPartyUpdaterWithRetryManager:96 - Updater plugin is busy. [6/15]
2024-01-28 00:28:41,235 [INFO] ServerAccessManage:473 - Download File STMicroelectronics.X-CUBE-ISPU.pdsc
2024-01-28 00:28:43,868 [WARN] MainUpdater:1187 - Updater busy. Cannot search thirdparties
2024-01-28 00:28:43,868 [INFO] ThirdPartyUpdaterWithRetryManager:96 - Updater plugin is busy. [7/15]
2024-01-28 00:28:44,503 [INFO] ServerAccessManage:473 - Download File STMicroelectronics.X-CUBE-TOF1.pdsc
2024-01-28 00:28:45,706 [INFO] MainUpdater:2854 - connection check result : 10
2024-01-28 00:28:46,877 [WARN] MainUpdater:1187 - Updater busy. Cannot search thirdparties
2024-01-28 00:28:46,877 [INFO] ThirdPartyUpdaterWithRetryManager:96 - Updater plugin is busy. [8/15]
2024-01-28 00:28:49,879 [WARN] MainUpdater:1187 - Updater busy. Cannot search thirdparties
2024-01-28 00:28:49,879 [INFO] ThirdPartyUpdaterWithRetryManager:96 - Updater plugin is busy. [9/15]
2024-01-28 00:28:51,879 [ERROR] ServerAccessManage:1089 - Problem, file not found on Server
2024-01-28 00:28:52,882 [WARN] MainUpdater:1187 - Updater busy. Cannot search thirdparties
2024-01-28 00:28:52,882 [INFO] ThirdPartyUpdaterWithRetryManager:96 - Updater plugin is busy. [10/15]
2024-01-28 00:28:53,687 [INFO] ServerAccessManage:473 - Download File STMicroelectronics.X-CUBE-TOUCHGFX.pdsc
2024-01-28 00:28:55,891 [WARN] MainUpdater:1187 - Updater busy. Cannot search thirdparties
2024-01-28 00:28:55,891 [INFO] ThirdPartyUpdaterWithRetryManager:96 - Updater plugin is busy. [11/15]
2024-01-28 00:28:58,892 [WARN] MainUpdater:1187 - Updater busy. Cannot search thirdparties
2024-01-28 00:28:58,892 [INFO] ThirdPartyUpdaterWithRetryManager:96 - Updater plugin is busy. [12/15]
2024-01-28 00:29:01,899 [WARN] MainUpdater:1187 - Updater busy. Cannot search thirdparties
2024-01-28 00:29:01,899 [INFO] ThirdPartyUpdaterWithRetryManager:96 - Updater plugin is busy. [13/15]
2024-01-28 00:29:04,905 [WARN] MainUpdater:1187 - Updater busy. Cannot search thirdparties
2024-01-28 00:29:04,905 [INFO] ThirdPartyUpdaterWithRetryManager:96 - Updater plugin is busy. [14/15]
2024-01-28 00:29:07,913 [WARN] MainUpdater:1187 - Updater busy. Cannot search thirdparties
2024-01-28 00:29:07,913 [INFO] ThirdPartyUpdaterWithRetryManager:96 - Updater plugin is busy. [15/15]
2024-01-28 00:29:07,913 [ERROR] IntegrityCheckThread:130 - Cannot retrieve database content from updater: error -1
2024-01-28 00:29:07,913 [INFO] ThirdParty:978 - Integrity check success = false
2024-01-28 00:29:07,913 [INFO] IntegrityCheckThread:100 - exiting critical section [integrity check]
2024-01-28 00:29:07,913 [INFO] IntegrityCheckThread:103 - End integrity checks thread
2024-01-28 00:29:11,378 [INFO] ServerAccessManage:473 - Download File STMicroelectronics.X-CUBE-AZRTOS-H7.pdsc
2024-01-28 00:29:14,869 [INFO] ApiDb:581 - Connected to CubeFinder SQLite database (C:\Users\shrey\.stmcufinder\plugins\mcufinder\mcu\cube-finder-db.db)
2024-01-28 00:29:14,989 [INFO] ApiDb:668 - CubeFinder database Data Model version=2.1
2024-01-28 00:29:14,989 [INFO] ApiDb:669 - CubeFinder database Configuration version=3.0.37
2024-01-28 00:29:14,989 [INFO] ApiDb:670 - CubeFinder database generation date=2023-10-13 (1697197505)
2024-01-28 00:29:14,989 [INFO] ApiDb:671 - CubeFinder database FW Pack versions=[FP-ATR-ASTRA1_V2.0.0, FP-SNS-FLIGHT1_V5.0.1, FP-SNS-FLIGHT1_V5.0.2, FP-SNS-MOTENV1_V4.3.1, FP-SNS-MOTENV1_V4.3.2, FP-SNS-SMARTAG2_V1.2.0, I-CUBE-ITTIADB_V8.6.3-1, STM32Cube_FW_C0_V1.1.0, STM32Cube_FW_F4_V1.27.1, STM32Cube_FW_F7_V1.17.0, STM32Cube_FW_G0_V1.6.1, STM32Cube_FW_G4_V1.5.1, STM32Cube_FW_H5_V0.5.1, STM32Cube_FW_H5_V1.1.1, STM32Cube_FW_H7_V1.11.0, STM32Cube_FW_L0_V1.12.2, STM32Cube_FW_L5_V1.5.0, STM32Cube_FW_U5_V1.3.0, STM32Cube_FW_U5_V1.3.0RC4, STM32Cube_FW_WBA_V1.0.0RC1, STM32Cube_FW_WBA_V1.1.0RC1, STM32Cube_FW_WBA_V1.1.1, STM32Cube_FW_WB_V1.15.0RC1, STM32Cube_FW_WB_V1.16.0, STM32Cube_FW_WB_V1.16.0RC2, STM32Cube_FW_WB_V1.17.3, STM32Cube_FW_WL_V1.3.0, X-CUBE-ALGOBUILD_V1.3.0, X-CUBE-ALS_V1.0.1, X-CUBE-AZRTOS-F4_V1.1.0, X-CUBE-AZRTOS-F7_V1.1.0, X-CUBE-AZRTOS-G0_V1.1.0, X-CUBE-AZRTOS-G4_V2.0.0, X-CUBE-AZRTOS-H7_V3.1.0, X-CUBE-AZRTOS-L4_V1.0.0, X-CUBE-AZRTOS-L4_V2.0.0, X-CUBE-AZRTOS-L5_V1.1.0, X-CUBE-AZRTOS-WB_V2.0.0, X-CUBE-AZRTOS-WL_V2.0.0, X-CUBE-BLE1_V7.0.0, X-CUBE-BLE2_V3.3.0, X-CUBE-BLEMGR_V2.0.0, X-CUBE-EEPRMA1_V4.1.0, X-CUBE-FREERTOS_V1.1.0, X-CUBE-GNSS1_V6.0.0, X-CUBE-MEMS1_V10.0.0, X-CUBE-MEMS1_V9.1.0, X-CUBE-MEMS1_V9.4.0, X-CUBE-MEMS1_V9.6.0, X-CUBE-NFC4_V3.0.0, X-CUBE-NFC7_V1.0.1, X-CUBE-SFXS2LP1_V4.0.0, X-CUBE-SUBG2_V5.0.0, X-CUBE-TOF1_V3.3.1]
2024-01-28 00:29:15,189 [INFO] DbBoardsSqlite:226 - include board P-NUCLEO-WB55-NUCLEO as a kit item of type 'Nucleo-64'
2024-01-28 00:29:15,189 [INFO] DbBoardsSqlite:226 - include board P-NUCLEO-WB55-USBDONGLE as a kit item of type 'Nucleo USB Dongle'
2024-01-28 00:29:15,199 [INFO] DbBoardsSqlite:226 - include board STEVAL-IDP005V1 as a kit item of type 'Evaluation Board'
2024-01-28 00:29:15,199 [INFO] DbBoardsSqlite:226 - include board STEVAL-IDP005V2 as a kit item of type 'Evaluation Board'
2024-01-28 00:29:15,704 [INFO] ApiDb:240 - Found 297 in-development CPN: [B-G473E-ZEST1S, B-WB1M-WPAN1, B-WL5M-SUBG1, NUCLEO-C031C6, NUCLEO-H503RB, NUCLEO-H563ZI, NUCLEO-U545RE-Q, NUCLEO-U5A5ZJ-Q, NUCLEO-WBA52CG, STEVAL-PROTEUS1, STEVAL-STWINBX1, STM320518-EVAL, STM32C0116-DK, STM32C011D6Y3TR, STM32C011D6Y6TR, STM32C011F4P3, STM32C011F4P6, STM32C011F4U3, STM32C011F4U6TR, STM32C011F6P3, STM32C011F6P6, STM32C011F6U3, STM32C011F6U6TR, STM32C011J4M3, STM32C011J4M6, STM32C011J6M3, STM32C011J6M6, STM32C0316-DK, STM32C031C4T3, STM32C031C4T6, STM32C031C4U3, STM32C031C4U6, STM32C031C6T3, STM32C031C6T6, STM32C031C6U3, STM32C031C6U6, STM32C031F4P3, STM32C031F4P6, STM32C031F6P3, STM32C031F6P6, STM32C031G4U3, STM32C031G4U6, STM32C031G6U3, STM32C031G6U6, STM32C031K4T3, STM32C031K4T6, STM32C031K4U3, STM32C031K4U6, STM32C031K6T3, STM32C031K6T6, STM32C031K6U3, STM32C031K6U6, STM32G071K8TXN, STM32G071K8UXN, STM32G081GBU6N, STM32G081KBT6N, STM32G081KBUXN, STM32G0B1CCT6N, STM32G0B1KCT6, STM32G0B1NEY6TR, STM32G0B1RCT6N, STM32G0C1CCT6, STM32G0C1CCT6N, STM32G0C1CCU6N, STM32G0C1CET6N, STM32G0C1CEU6N, STM32G0C1KCT6, STM32G0C1NEY6TR, STM32G0C1RCI6N, STM32G0C1RCT6N, STM32G0C1REI6N, STM32G0C1RET6N, STM32G0C1VCI6, STM32G0C1VEI6, STM32G471CCT6, STM32G471CCU6, STM32G471CET3, STM32G471CET6, STM32G471CEU3, STM32G471CEU6, STM32G471MCT6, STM32G471MET3, STM32G471MET6, STM32G471MEY6TR, STM32G471QCT6, STM32G471QET3, STM32G471RCT6, STM32G471RET3, STM32G471RET6, STM32G471VCH6, STM32G471VCI6, STM32G471VCT6, STM32G471VEH3, STM32G471VEH6, STM32G471VEI3, STM32G471VEI6, STM32G471VET3, STM32G471VET6, STM32G474CCT6, STM32H503CBT6, STM32H503CBU6, STM32H503EBY6TR, STM32H503KBU6, STM32H503RBT6, STM32H562AGI6, STM32H562AII6, STM32H562IGK6, STM32H562IGT6, STM32H562IIK6, STM32H562IIT6, STM32H562RGT6, STM32H562RGV6, STM32H562RIT6, STM32H562RIV6, STM32H562VGT6, STM32H562VIT6, STM32H562ZGT6, STM32H562ZIT6, STM32H563AGI6, STM32H563AII3Q, STM32H563AII6, STM32H563IGK6, STM32H563IGT6, STM32H563IIK3Q, STM32H563IIK6, STM32H563IIT3Q, STM32H563IIT6, STM32H563MIY3QTR, STM32H563RGT6, STM32H563RGV6, STM32H563RIT6, STM32H563RIV6, STM32H563VGT6, STM32H563VIT3Q, STM32H563VIT6, STM32H563ZGT6, STM32H563ZIT3Q, STM32H563ZIT6, STM32H573AII3Q, STM32H573AII6, STM32H573I-DK, STM32H573IIK3Q, STM32H573IIK6, STM32H573IIT3Q, STM32H573IIT6, STM32H573MIY3QTR, STM32H573RIT6, STM32H573RIV6, STM32H573VIT3Q, STM32H573VIT6, STM32H573ZIT3Q, STM32H573ZIT6, STM32L4R5QGI6STR, STM32MP131AAE3, STM32MP131AAF3, STM32MP131AAG3, STM32MP131CAE3, STM32MP131CAF3, STM32MP131CAG3, STM32MP131DAE7, STM32MP131DAF7, STM32MP131DAG7, STM32MP131FAE7, STM32MP131FAF7, STM32MP131FAG7, STM32MP133AAE3, STM32MP133AAF3, STM32MP133AAG3, STM32MP133CAE3, STM32MP133CAF3, STM32MP133CAG3, STM32MP133DAE7, STM32MP133DAF7, STM32MP133DAG7, STM32MP133FAE7, STM32MP133FAF7, STM32MP133FAG7, STM32MP135AAE3, STM32MP135AAF3, STM32MP135AAG3, STM32MP135CAE3, STM32MP135CAF3, STM32MP135CAG3, STM32MP135DAE7, STM32MP135DAF7, STM32MP135DAG7, STM32MP135F-DK, STM32MP135FAE7, STM32MP135FAF7, STM32MP135FAF7T, STM32MP135FAF7U, STM32MP135FAG7, STM32U535CBT6, STM32U535CBT6Q, STM32U535CBU6, STM32U535CBU6Q, STM32U535CCT6, STM32U535CCT6Q, STM32U535CCU6, STM32U535CCU6Q, STM32U535CET6, STM32U535CET6Q, STM32U535CEU6, STM32U535CEU6Q, STM32U535JEY6QTR, STM32U535NCY6QTR, STM32U535NEY6QTR, STM32U535RBI6, STM32U535RBI6Q, STM32U535RBT6, STM32U535RBT6Q, STM32U535RCI6, STM32U535RCI6Q, STM32U535RCT6, STM32U535RCT6Q, STM32U535REI6, STM32U535REI6Q, STM32U535RET6, STM32U535RET6Q, STM32U535VCI6, STM32U535VCI6Q, STM32U535VCT6, STM32U535VCT6Q, STM32U535VEI6, STM32U535VEI6Q, STM32U535VET6, STM32U535VET6Q, STM32U545CET6, STM32U545CET6Q, STM32U545CEU6, STM32U545CEU6Q, STM32U545JEY6QTR, STM32U545NEY6QTR, STM32U545REI6, STM32U545REI6Q, STM32U545RET6, STM32U545RET6Q, STM32U545VEI6, STM32U545VEI6Q, STM32U545VET6, STM32U545VET6Q, STM32U595AIH6, STM32U595AIH6Q, STM32U595AJH6, STM32U595AJH6Q, STM32U595QII6, STM32U595QII6Q, STM32U595QJI6, STM32U595QJI6Q, STM32U595RIT6, STM32U595RIT6Q, STM32U595RJT6, STM32U595RJT6Q, STM32U595VIT6, STM32U595VIT6Q, STM32U595VJT6, STM32U595VJT6Q, STM32U595ZIT6, STM32U595ZIT6Q, STM32U595ZIY6QTR, STM32U595ZJT6, STM32U595ZJT6Q, STM32U595ZJY6QTR, STM32U599BJY6QTR, STM32U599NIH6Q, STM32U599NJH6Q, STM32U599VIT6Q, STM32U599VJT6, STM32U599VJT6Q, STM32U599ZIT6Q, STM32U599ZIY6QTR, STM32U599ZJT6Q, STM32U599ZJY6QTR, STM32U5A5AJH6, STM32U5A5AJH6Q, STM32U5A5QJI6, STM32U5A5QJI6Q, STM32U5A5RJT6, STM32U5A5RJT6Q, STM32U5A5VJT6, STM32U5A5VJT6Q, STM32U5A5ZJT6, STM32U5A5ZJT6Q, STM32U5A5ZJY6QTR, STM32U5A9BJY6QTR, STM32U5A9J-DK, STM32U5A9NJH6Q, STM32U5A9VJT6Q, STM32U5A9ZJT6Q, STM32U5A9ZJY6QTR, STM32WB1MMCH6, STM32WBA52CEU6, STM32WBA52CEU6T, STM32WBA52CGU6, STM32WBA52CGU6T, STM32WL5MOCH6, STM32WL5MOCH6TR]
2024-01-28 00:29:15,709 [INFO] ApiDb:668 - CubeFinder database Data Model version=2.1
2024-01-28 00:29:15,709 [INFO] ApiDb:669 - CubeFinder database Configuration version=3.0.37
2024-01-28 00:29:15,709 [INFO] ApiDb:670 - CubeFinder database generation date=2023-10-13 (1697197505)
2024-01-28 00:29:15,709 [INFO] ApiDb:671 - CubeFinder database FW Pack versions=[FP-ATR-ASTRA1_V2.0.0, FP-SNS-FLIGHT1_V5.0.1, FP-SNS-FLIGHT1_V5.0.2, FP-SNS-MOTENV1_V4.3.1, FP-SNS-MOTENV1_V4.3.2, FP-SNS-SMARTAG2_V1.2.0, I-CUBE-ITTIADB_V8.6.3-1, STM32Cube_FW_C0_V1.1.0, STM32Cube_FW_F4_V1.27.1, STM32Cube_FW_F7_V1.17.0, STM32Cube_FW_G0_V1.6.1, STM32Cube_FW_G4_V1.5.1, STM32Cube_FW_H5_V0.5.1, STM32Cube_FW_H5_V1.1.1, STM32Cube_FW_H7_V1.11.0, STM32Cube_FW_L0_V1.12.2, STM32Cube_FW_L5_V1.5.0, STM32Cube_FW_U5_V1.3.0, STM32Cube_FW_U5_V1.3.0RC4, STM32Cube_FW_WBA_V1.0.0RC1, STM32Cube_FW_WBA_V1.1.0RC1, STM32Cube_FW_WBA_V1.1.1, STM32Cube_FW_WB_V1.15.0RC1, STM32Cube_FW_WB_V1.16.0, STM32Cube_FW_WB_V1.16.0RC2, STM32Cube_FW_WB_V1.17.3, STM32Cube_FW_WL_V1.3.0, X-CUBE-ALGOBUILD_V1.3.0, X-CUBE-ALS_V1.0.1, X-CUBE-AZRTOS-F4_V1.1.0, X-CUBE-AZRTOS-F7_V1.1.0, X-CUBE-AZRTOS-G0_V1.1.0, X-CUBE-AZRTOS-G4_V2.0.0, X-CUBE-AZRTOS-H7_V3.1.0, X-CUBE-AZRTOS-L4_V1.0.0, X-CUBE-AZRTOS-L4_V2.0.0, X-CUBE-AZRTOS-L5_V1.1.0, X-CUBE-AZRTOS-WB_V2.0.0, X-CUBE-AZRTOS-WL_V2.0.0, X-CUBE-BLE1_V7.0.0, X-CUBE-BLE2_V3.3.0, X-CUBE-BLEMGR_V2.0.0, X-CUBE-EEPRMA1_V4.1.0, X-CUBE-FREERTOS_V1.1.0, X-CUBE-GNSS1_V6.0.0, X-CUBE-MEMS1_V10.0.0, X-CUBE-MEMS1_V9.1.0, X-CUBE-MEMS1_V9.4.0, X-CUBE-MEMS1_V9.6.0, X-CUBE-NFC4_V3.0.0, X-CUBE-NFC7_V1.0.1, X-CUBE-SFXS2LP1_V4.0.0, X-CUBE-SUBG2_V5.0.0, X-CUBE-TOF1_V3.3.1]
2024-01-28 00:29:17,779 [WARN] PackLoader:240 - Cannot read IP mode file for STMicroelectronics.FP-SNS-MOTENVWB1.1.3.1
2024-01-28 00:29:17,789 [WARN] PackLoader:240 - Cannot read IP mode file for STMicroelectronics.X-CUBE-EEPRMA1.5.1.0
2024-01-28 00:29:17,799 [WARN] PackLoader:240 - Cannot read IP mode file for STMicroelectronics.X-CUBE-ISPU.2.0.0
2024-01-28 00:29:17,819 [WARN] PackLoader:240 - Cannot read IP mode file for STMicroelectronics.X-CUBE-TOF1.3.4.0
2024-01-28 00:29:17,849 [WARN] PackLoader:240 - Cannot read IP mode file for STMicroelectronics.X-CUBE-TOUCHGFX.4.23.0
2024-01-28 00:29:17,889 [WARN] PackLoader:240 - Cannot read IP mode file for STMicroelectronics.X-CUBE-AZRTOS-H7.3.2.0
2024-01-28 00:29:17,889 [INFO] PopulateThirdPartyThread:66 - Ending populate Thread
2024-01-28 00:29:17,909 [INFO] ThirdParty:1030 - CMSIS Pack Vendor :STMicroelectronics X-CUBE-EEPRMA1 5.1.0
2024-01-28 00:29:17,909 [INFO] ThirdParty:1030 - CMSIS Pack Vendor :STMicroelectronics FP-SNS-MOTENVWB1 1.3.1
2024-01-28 00:29:17,909 [INFO] ThirdParty:1030 - CMSIS Pack Vendor :STMicroelectronics X-CUBE-TOUCHGFX 4.23.0
2024-01-28 00:29:17,909 [INFO] ThirdParty:1030 - CMSIS Pack Vendor :STMicroelectronics X-CUBE-TOF1 3.4.0
2024-01-28 00:29:17,909 [INFO] ThirdParty:1030 - CMSIS Pack Vendor :STMicroelectronics X-CUBE-AZRTOS-H7 3.2.0
2024-01-28 00:29:17,909 [INFO] ThirdParty:1030 - CMSIS Pack Vendor :STMicroelectronics X-CUBE-ISPU 2.0.0
2024-01-28 00:29:17,909 [INFO] LoadServerUpdatesThread:373 - End of LoadServerUpdate Thread
2024-01-28 00:29:17,919 [INFO] CheckServerUpdateThread:120 - End of CheckServer Thread
2024-01-28 00:29:18,079 [INFO] ApiDb:240 - Found 297 in-development CPN: [B-G473E-ZEST1S, B-WB1M-WPAN1, B-WL5M-SUBG1, NUCLEO-C031C6, NUCLEO-H503RB, NUCLEO-H563ZI, NUCLEO-U545RE-Q, NUCLEO-U5A5ZJ-Q, NUCLEO-WBA52CG, STEVAL-PROTEUS1, STEVAL-STWINBX1, STM320518-EVAL, STM32C0116-DK, STM32C011D6Y3TR, STM32C011D6Y6TR, STM32C011F4P3, STM32C011F4P6, STM32C011F4U3, STM32C011F4U6TR, STM32C011F6P3, STM32C011F6P6, STM32C011F6U3, STM32C011F6U6TR, STM32C011J4M3, STM32C011J4M6, STM32C011J6M3, STM32C011J6M6, STM32C0316-DK, STM32C031C4T3, STM32C031C4T6, STM32C031C4U3, STM32C031C4U6, STM32C031C6T3, STM32C031C6T6, STM32C031C6U3, STM32C031C6U6, STM32C031F4P3, STM32C031F4P6, STM32C031F6P3, STM32C031F6P6, STM32C031G4U3, STM32C031G4U6, STM32C031G6U3, STM32C031G6U6, STM32C031K4T3, STM32C031K4T6, STM32C031K4U3, STM32C031K4U6, STM32C031K6T3, STM32C031K6T6, STM32C031K6U3, STM32C031K6U6, STM32G071K8TXN, STM32G071K8UXN, STM32G081GBU6N, STM32G081KBT6N, STM32G081KBUXN, STM32G0B1CCT6N, STM32G0B1KCT6, STM32G0B1NEY6TR, STM32G0B1RCT6N, STM32G0C1CCT6, STM32G0C1CCT6N, STM32G0C1CCU6N, STM32G0C1CET6N, STM32G0C1CEU6N, STM32G0C1KCT6, STM32G0C1NEY6TR, STM32G0C1RCI6N, STM32G0C1RCT6N, STM32G0C1REI6N, STM32G0C1RET6N, STM32G0C1VCI6, STM32G0C1VEI6, STM32G471CCT6, STM32G471CCU6, STM32G471CET3, STM32G471CET6, STM32G471CEU3, STM32G471CEU6, STM32G471MCT6, STM32G471MET3, STM32G471MET6, STM32G471MEY6TR, STM32G471QCT6, STM32G471QET3, STM32G471RCT6, STM32G471RET3, STM32G471RET6, STM32G471VCH6, STM32G471VCI6, STM32G471VCT6, STM32G471VEH3, STM32G471VEH6, STM32G471VEI3, STM32G471VEI6, STM32G471VET3, STM32G471VET6, STM32G474CCT6, STM32H503CBT6, STM32H503CBU6, STM32H503EBY6TR, STM32H503KBU6, STM32H503RBT6, STM32H562AGI6, STM32H562AII6, STM32H562IGK6, STM32H562IGT6, STM32H562IIK6, STM32H562IIT6, STM32H562RGT6, STM32H562RGV6, STM32H562RIT6, STM32H562RIV6, STM32H562VGT6, STM32H562VIT6, STM32H562ZGT6, STM32H562ZIT6, STM32H563AGI6, STM32H563AII3Q, STM32H563AII6, STM32H563IGK6, STM32H563IGT6, STM32H563IIK3Q, STM32H563IIK6, STM32H563IIT3Q, STM32H563IIT6, STM32H563MIY3QTR, STM32H563RGT6, STM32H563RGV6, STM32H563RIT6, STM32H563RIV6, STM32H563VGT6, STM32H563VIT3Q, STM32H563VIT6, STM32H563ZGT6, STM32H563ZIT3Q, STM32H563ZIT6, STM32H573AII3Q, STM32H573AII6, STM32H573I-DK, STM32H573IIK3Q, STM32H573IIK6, STM32H573IIT3Q, STM32H573IIT6, STM32H573MIY3QTR, STM32H573RIT6, STM32H573RIV6, STM32H573VIT3Q, STM32H573VIT6, STM32H573ZIT3Q, STM32H573ZIT6, STM32L4R5QGI6STR, STM32MP131AAE3, STM32MP131AAF3, STM32MP131AAG3, STM32MP131CAE3, STM32MP131CAF3, STM32MP131CAG3, STM32MP131DAE7, STM32MP131DAF7, STM32MP131DAG7, STM32MP131FAE7, STM32MP131FAF7, STM32MP131FAG7, STM32MP133AAE3, STM32MP133AAF3, STM32MP133AAG3, STM32MP133CAE3, STM32MP133CAF3, STM32MP133CAG3, STM32MP133DAE7, STM32MP133DAF7, STM32MP133DAG7, STM32MP133FAE7, STM32MP133FAF7, STM32MP133FAG7, STM32MP135AAE3, STM32MP135AAF3, STM32MP135AAG3, STM32MP135CAE3, STM32MP135CAF3, STM32MP135CAG3, STM32MP135DAE7, STM32MP135DAF7, STM32MP135DAG7, STM32MP135F-DK, STM32MP135FAE7, STM32MP135FAF7, STM32MP135FAF7T, STM32MP135FAF7U, STM32MP135FAG7, STM32U535CBT6, STM32U535CBT6Q, STM32U535CBU6, STM32U535CBU6Q, STM32U535CCT6, STM32U535CCT6Q, STM32U535CCU6, STM32U535CCU6Q, STM32U535CET6, STM32U535CET6Q, STM32U535CEU6, STM32U535CEU6Q, STM32U535JEY6QTR, STM32U535NCY6QTR, STM32U535NEY6QTR, STM32U535RBI6, STM32U535RBI6Q, STM32U535RBT6, STM32U535RBT6Q, STM32U535RCI6, STM32U535RCI6Q, STM32U535RCT6, STM32U535RCT6Q, STM32U535REI6, STM32U535REI6Q, STM32U535RET6, STM32U535RET6Q, STM32U535VCI6, STM32U535VCI6Q, STM32U535VCT6, STM32U535VCT6Q, STM32U535VEI6, STM32U535VEI6Q, STM32U535VET6, STM32U535VET6Q, STM32U545CET6, STM32U545CET6Q, STM32U545CEU6, STM32U545CEU6Q, STM32U545JEY6QTR, STM32U545NEY6QTR, STM32U545REI6, STM32U545REI6Q, STM32U545RET6, STM32U545RET6Q, STM32U545VEI6, STM32U545VEI6Q, STM32U545VET6, STM32U545VET6Q, STM32U595AIH6, STM32U595AIH6Q, STM32U595AJH6, STM32U595AJH6Q, STM32U595QII6, STM32U595QII6Q, STM32U595QJI6, STM32U595QJI6Q, STM32U595RIT6, STM32U595RIT6Q, STM32U595RJT6, STM32U595RJT6Q, STM32U595VIT6, STM32U595VIT6Q, STM32U595VJT6, STM32U595VJT6Q, STM32U595ZIT6, STM32U595ZIT6Q, STM32U595ZIY6QTR, STM32U595ZJT6, STM32U595ZJT6Q, STM32U595ZJY6QTR, STM32U599BJY6QTR, STM32U599NIH6Q, STM32U599NJH6Q, STM32U599VIT6Q, STM32U599VJT6, STM32U599VJT6Q, STM32U599ZIT6Q, STM32U599ZIY6QTR, STM32U599ZJT6Q, STM32U599ZJY6QTR, STM32U5A5AJH6, STM32U5A5AJH6Q, STM32U5A5QJI6, STM32U5A5QJI6Q, STM32U5A5RJT6, STM32U5A5RJT6Q, STM32U5A5VJT6, STM32U5A5VJT6Q, STM32U5A5ZJT6, STM32U5A5ZJT6Q, STM32U5A5ZJY6QTR, STM32U5A9BJY6QTR, STM32U5A9J-DK, STM32U5A9NJH6Q, STM32U5A9VJT6Q, STM32U5A9ZJT6Q, STM32U5A9ZJY6QTR, STM32WB1MMCH6, STM32WBA52CEU6, STM32WBA52CEU6T, STM32WBA52CGU6, STM32WBA52CGU6T, STM32WL5MOCH6, STM32WL5MOCH6TR]
2024-01-28 00:29:18,079 [INFO] DbMcus:216 - Found 3825 MCUs, 3825 are supported
2024-01-28 00:29:18,089 [INFO] ApiDb:423 - Load user favorites file C:\Users\shrey/.stm32cubeide/favorites.mcus.txt: 0 item(s)
2024-01-28 00:29:18,089 [INFO] ApiDb:427 - User favorites MCUs=[]
2024-01-28 00:29:18,089 [INFO] DbMcus:222 - Set 0 / 0 favorites MCUs
2024-01-28 00:29:18,564 [INFO] BoardInfo:880 - No configuration file found for board P-NUCLEO-WB55
2024-01-28 00:29:18,564 [INFO] DbBoards:157 - Kit is not supported: P-NUCLEO-WB55
2024-01-28 00:29:18,574 [INFO] BoardInfo:880 - No configuration file found for board STEVAL-BFA001V1B
2024-01-28 00:29:18,574 [INFO] DbBoards:157 - Kit is not supported: STEVAL-BFA001V1B
2024-01-28 00:29:18,574 [INFO] BoardInfo:880 - No configuration file found for board STEVAL-BFA001V2B
2024-01-28 00:29:18,574 [INFO] DbBoards:157 - Kit is not supported: STEVAL-BFA001V2B
2024-01-28 00:29:18,584 [INFO] BoardInfo:880 - No configuration file found for board STEVAL-SMARTAG2
2024-01-28 00:29:18,584 [INFO] DbBoards:157 - Board is not supported: STEVAL-SMARTAG2
2024-01-28 00:29:18,774 [INFO] DbBoards:161 - Found 188 boards, 184 are supported
2024-01-28 00:29:18,774 [INFO] ApiDb:423 - Load user favorites file C:\Users\shrey/.stm32cubeide/favorites.boards.txt: 0 item(s)
2024-01-28 00:29:18,774 [INFO] ApiDb:427 - User favorites Boards=[]
2024-01-28 00:29:18,774 [INFO] DbBoards:190 - Set 0 / 0 favorites Boards
2024-01-28 00:29:18,774 [INFO] McuFinderGlobals:66 - Set McuFinderConnectedMode to true
2024-01-28 00:29:18,784 [INFO] MultiScanPanel:200 - Auto-refresh data requested => check proxy status ongoing
2024-01-28 00:29:18,794 [INFO] FinderPluginLoader:95 - Searching for filters in installed packs
2024-01-28 00:29:18,794 [INFO] FinderPluginLoader:108 - Found C:\Users\shrey\STM32Cube\Repository\Packs\STMicroelectronics\X-CUBE-AI\8.0.0\CubeMX\plugins\ip\ai.8.0.0.jar
2024-01-28 00:29:18,794 [INFO] FinderPluginLoader:118 - Loading ai.8.0.0
2024-01-28 00:29:18,864 [INFO] McuExtendedFiltersManager:95 - Add MCU extended filter: Artificial Intelligence
2024-01-28 00:29:19,750 [INFO] AInterface:109 - AInterface using toolDir: C:/Users/shrey/STM32Cube/Repository//Packs/STMicroelectronics/X-CUBE-AI/8.0.0/Utilities/windows
2024-01-28 00:29:20,370 [INFO] LoadUrlFilesThread:185 - End of LoadServerUrlFiles without Thread
2024-01-28 00:29:20,400 [INFO] DetailPanel:341 - Set advertising image to C:/Users/shrey/STM32Cube/Repository/\en.prom-stm32h5-mcu-finder.jpg
2024-01-28 00:29:25,015 [INFO] MultiScanPanel:200 - Auto-refresh data requested => check proxy status ongoing
2024-01-28 00:29:25,205 [INFO] LoadUrlFilesThread:185 - End of LoadServerUrlFiles without Thread
2024-01-28 00:29:25,205 [INFO] DetailPanel:341 - Set advertising image to C:/Users/shrey/STM32Cube/Repository/\en.prom-stm32h5-mcu-finder.jpg
2024-01-28 00:32:13,426 [INFO] McuFinderGlobals:66 - Set McuFinderConnectedMode to true
2024-01-28 00:32:13,542 [INFO] ApiDb:448 - Save user favorites file C:\Users\shrey/.stm32cubeide/favorites.mcus.txt: 0 item(s)
2024-01-28 00:32:13,542 [INFO] ApiDb:452 - User favorites MCUs=[]
2024-01-28 00:32:13,562 [INFO] ApiDb:448 - Save user favorites file C:\Users\shrey/.stm32cubeide/favorites.boards.txt: 0 item(s)
2024-01-28 00:32:13,562 [INFO] ApiDb:452 - User favorites Boards=[]
2024-01-28 17:08:25,159 [INFO] MainUpdater:2854 - connection check result : 10
2024-01-28 17:08:25,168 [INFO] McuFinderGlobals:66 - Set McuFinderConnectedMode to true
2024-01-28 17:08:25,478 [INFO] ServerAccessManage:473 - Download File mcusAds.json._tmp_
2024-01-28 17:08:25,719 [INFO] LoadUrlFilesThread:156 - End of LoadUrlFiles Thread
2024-01-28 17:08:27,707 [INFO] ServerAccessManage:473 - Download File cube-finder-db.zip
2024-01-28 17:08:33,834 [INFO] FileExtend:240 - Unzip File : cube-finder-db.zip
2024-01-28 17:08:33,835 [INFO] FileExtend:255 - Standard Zip Deflate
2024-01-28 17:08:35,121 [INFO] LoadUrlFilesThread:156 - End of LoadUrlFiles Thread
2024-01-28 17:08:36,118 [INFO] ServerAccessManage:473 - Download File crdb.zip
2024-01-28 17:08:36,981 [INFO] FileExtend:240 - Unzip File : crdb.zip
2024-01-28 17:08:36,981 [INFO] FileExtend:255 - Standard Zip Deflate
2024-01-28 17:08:37,141 [INFO] LoadUrlFilesThread:156 - End of LoadUrlFiles Thread
2024-01-28 17:08:38,958 [INFO] ServerAccessManage:473 - Download File tutoVideoDB.zip
2024-01-28 17:08:38,965 [INFO] FileExtend:240 - Unzip File : tutoVideoDB.zip
2024-01-28 17:08:38,965 [INFO] FileExtend:255 - Standard Zip Deflate
2024-01-28 17:08:39,120 [INFO] LoadUrlFilesThread:156 - End of LoadUrlFiles Thread
2024-01-28 17:08:39,131 [WARN] DbFile:41 - Overriding database path with different value: C:\Users\shrey\.stmcufinder\plugins\mcufinder/ => C:\Users\shrey\.stmcufinder\plugins\mcufinder
2024-01-28 17:08:40,117 [INFO] ServerAccessManage:473 - Download File api_config.json
2024-01-28 17:08:40,324 [INFO] LoadUrlFilesThread:156 - End of LoadUrlFiles Thread
2024-01-28 17:08:40,370 [INFO] DbMcusAds:53 - JSON generation date=Wed Nov 29 16:22:27 IST 2023 (1701255147200)
2024-01-28 17:08:40,377 [INFO] ApiDb:448 - Save user favorites file C:\Users\shrey/.stm32cubeide/favorites.mcus.txt: 0 item(s)
2024-01-28 17:08:40,377 [INFO] ApiDb:452 - User favorites MCUs=[]
2024-01-28 17:08:40,407 [INFO] ApiDb:581 - Connected to CubeFinder SQLite database (C:\Users\shrey\.stmcufinder\plugins\mcufinder\mcu\cube-finder-db.db)
2024-01-28 17:08:40,500 [INFO] ApiDb:668 - CubeFinder database Data Model version=2.1
2024-01-28 17:08:40,500 [INFO] ApiDb:669 - CubeFinder database Configuration version=3.0.39
2024-01-28 17:08:40,500 [INFO] ApiDb:670 - CubeFinder database generation date=2024-01-11 (1704964531)
2024-01-28 17:08:40,500 [INFO] ApiDb:671 - CubeFinder database FW Pack versions=[FP-ATR-ASTRA1_V2.0.0, FP-SNS-FLIGHT1_V5.0.1, FP-SNS-FLIGHT1_V5.0.2, FP-SNS-MOTENV1_V4.3.1, FP-SNS-MOTENV1_V4.3.2, FP-SNS-MOTENVWB1_V1.3.1, FP-SNS-SMARTAG2_V1.2.0, STM32Cube_FW_C0_V1.1.0, STM32Cube_FW_F4_V1.28.0, STM32Cube_FW_F7_V1.17.0, STM32Cube_FW_G0_V1.6.2, STM32Cube_FW_G4_V1.5.2, STM32Cube_FW_H5_V0.5.1, STM32Cube_FW_H5_V1.1.1, STM32Cube_FW_H5_V1.2.0RC2, STM32Cube_FW_H7_V1.11.0, STM32Cube_FW_L0_V1.12.2, STM32Cube_FW_L5_V1.5.0, STM32Cube_FW_U5_V1.3.0RC4, STM32Cube_FW_U5_V1.4.0, STM32Cube_FW_WBA_V1.0.0RC1, STM32Cube_FW_WBA_V1.1.0RC1, STM32Cube_FW_WBA_V1.2.0, STM32Cube_FW_WBA_V1.2.0RC2, STM32Cube_FW_WB_V1.15.0RC1, STM32Cube_FW_WB_V1.16.0, STM32Cube_FW_WB_V1.16.0RC2, STM32Cube_FW_WB_V1.18.0, STM32Cube_FW_WL_V1.3.0, X-CUBE-ALGOBUILD_V1.3.0, X-CUBE-ALS_V1.0.1, X-CUBE-AZRTOS-F4_V1.1.0, X-CUBE-AZRTOS-F7_V1.1.0, X-CUBE-AZRTOS-G0_V1.1.0, X-CUBE-AZRTOS-G4_V2.0.0, X-CUBE-AZRTOS-H7_V3.2.0, X-CUBE-AZRTOS-L4_V1.0.0, X-CUBE-AZRTOS-L4_V2.0.0, X-CUBE-AZRTOS-L5_V1.1.0, X-CUBE-AZRTOS-WB_V2.0.0, X-CUBE-AZRTOS-WL_V2.0.0, X-CUBE-BLE1_V7.0.0, X-CUBE-BLE2_V3.3.0, X-CUBE-BLEMGR_V3.0.0, X-CUBE-EEPRMA1_V4.1.0, X-CUBE-EEPRMA1_V4.2.0, X-CUBE-FREERTOS_V1.1.0, X-CUBE-GNSS1_V6.0.0, X-CUBE-MEMS1_V10.0.0, X-CUBE-MEMS1_V9.1.0, X-CUBE-MEMS1_V9.4.0, X-CUBE-MEMS1_V9.6.0, X-CUBE-NFC4_V3.0.0, X-CUBE-NFC7_V1.0.1, X-CUBE-SFXS2LP1_V4.0.0, X-CUBE-SUBG2_V5.0.0, X-CUBE-TOF1_V3.4.0]
2024-01-28 17:08:42,543 [INFO] ApiDb:240 - Found 297 in-development CPN: [B-G473E-ZEST1S, B-WB1M-WPAN1, B-WL5M-SUBG1, NUCLEO-C031C6, NUCLEO-H503RB, NUCLEO-H563ZI, NUCLEO-U545RE-Q, NUCLEO-U5A5ZJ-Q, NUCLEO-WBA52CG, STEVAL-PROTEUS1, STEVAL-STWINBX1, STM320518-EVAL, STM32C0116-DK, STM32C011D6Y3TR, STM32C011D6Y6TR, STM32C011F4P3, STM32C011F4P6, STM32C011F4U3, STM32C011F4U6TR, STM32C011F6P3, STM32C011F6P6, STM32C011F6U3, STM32C011F6U6TR, STM32C011J4M3, STM32C011J4M6, STM32C011J6M3, STM32C011J6M6, STM32C0316-DK, STM32C031C4T3, STM32C031C4T6, STM32C031C4U3, STM32C031C4U6, STM32C031C6T3, STM32C031C6T6, STM32C031C6U3, STM32C031C6U6, STM32C031F4P3, STM32C031F4P6, STM32C031F6P3, STM32C031F6P6, STM32C031G4U3, STM32C031G4U6, STM32C031G6U3, STM32C031G6U6, STM32C031K4T3, STM32C031K4T6, STM32C031K4U3, STM32C031K4U6, STM32C031K6T3, STM32C031K6T6, STM32C031K6U3, STM32C031K6U6, STM32G071K8TXN, STM32G071K8UXN, STM32G081GBU6N, STM32G081KBT6N, STM32G081KBUXN, STM32G0B1CCT6N, STM32G0B1KCT6, STM32G0B1NEY6TR, STM32G0B1RCT6N, STM32G0C1CCT6, STM32G0C1CCT6N, STM32G0C1CCU6N, STM32G0C1CET6N, STM32G0C1CEU6N, STM32G0C1KCT6, STM32G0C1NEY6TR, STM32G0C1RCI6N, STM32G0C1RCT6N, STM32G0C1REI6N, STM32G0C1RET6N, STM32G0C1VCI6, STM32G0C1VEI6, STM32G471CCT6, STM32G471CCU6, STM32G471CET3, STM32G471CET6, STM32G471CEU3, STM32G471CEU6, STM32G471MCT6, STM32G471MET3, STM32G471MET6, STM32G471MEY6TR, STM32G471QCT6, STM32G471QET3, STM32G471RCT6, STM32G471RET3, STM32G471RET6, STM32G471VCH6, STM32G471VCI6, STM32G471VCT6, STM32G471VEH3, STM32G471VEH6, STM32G471VEI3, STM32G471VEI6, STM32G471VET3, STM32G471VET6, STM32G474CCT6, STM32H503CBT6, STM32H503CBU6, STM32H503EBY6TR, STM32H503KBU6, STM32H503RBT6, STM32H562AGI6, STM32H562AII6, STM32H562IGK6, STM32H562IGT6, STM32H562IIK6, STM32H562IIT6, STM32H562RGT6, STM32H562RGV6, STM32H562RIT6, STM32H562RIV6, STM32H562VGT6, STM32H562VIT6, STM32H562ZGT6, STM32H562ZIT6, STM32H563AGI6, STM32H563AII3Q, STM32H563AII6, STM32H563IGK6, STM32H563IGT6, STM32H563IIK3Q, STM32H563IIK6, STM32H563IIT3Q, STM32H563IIT6, STM32H563MIY3QTR, STM32H563RGT6, STM32H563RGV6, STM32H563RIT6, STM32H563RIV6, STM32H563VGT6, STM32H563VIT3Q, STM32H563VIT6, STM32H563ZGT6, STM32H563ZIT3Q, STM32H563ZIT6, STM32H573AII3Q, STM32H573AII6, STM32H573I-DK, STM32H573IIK3Q, STM32H573IIK6, STM32H573IIT3Q, STM32H573IIT6, STM32H573MIY3QTR, STM32H573RIT6, STM32H573RIV6, STM32H573VIT3Q, STM32H573VIT6, STM32H573ZIT3Q, STM32H573ZIT6, STM32L4R5QGI6STR, STM32MP131AAE3, STM32MP131AAF3, STM32MP131AAG3, STM32MP131CAE3, STM32MP131CAF3, STM32MP131CAG3, STM32MP131DAE7, STM32MP131DAF7, STM32MP131DAG7, STM32MP131FAE7, STM32MP131FAF7, STM32MP131FAG7, STM32MP133AAE3, STM32MP133AAF3, STM32MP133AAG3, STM32MP133CAE3, STM32MP133CAF3, STM32MP133CAG3, STM32MP133DAE7, STM32MP133DAF7, STM32MP133DAG7, STM32MP133FAE7, STM32MP133FAF7, STM32MP133FAG7, STM32MP135AAE3, STM32MP135AAF3, STM32MP135AAG3, STM32MP135CAE3, STM32MP135CAF3, STM32MP135CAG3, STM32MP135DAE7, STM32MP135DAF7, STM32MP135DAG7, STM32MP135F-DK, STM32MP135FAE7, STM32MP135FAF7, STM32MP135FAF7T, STM32MP135FAF7U, STM32MP135FAG7, STM32U535CBT6, STM32U535CBT6Q, STM32U535CBU6, STM32U535CBU6Q, STM32U535CCT6, STM32U535CCT6Q, STM32U535CCU6, STM32U535CCU6Q, STM32U535CET6, STM32U535CET6Q, STM32U535CEU6, STM32U535CEU6Q, STM32U535JEY6QTR, STM32U535NCY6QTR, STM32U535NEY6QTR, STM32U535RBI6, STM32U535RBI6Q, STM32U535RBT6, STM32U535RBT6Q, STM32U535RCI6, STM32U535RCI6Q, STM32U535RCT6, STM32U535RCT6Q, STM32U535REI6, STM32U535REI6Q, STM32U535RET6, STM32U535RET6Q, STM32U535VCI6, STM32U535VCI6Q, STM32U535VCT6, STM32U535VCT6Q, STM32U535VEI6, STM32U535VEI6Q, STM32U535VET6, STM32U535VET6Q, STM32U545CET6, STM32U545CET6Q, STM32U545CEU6, STM32U545CEU6Q, STM32U545JEY6QTR, STM32U545NEY6QTR, STM32U545REI6, STM32U545REI6Q, STM32U545RET6, STM32U545RET6Q, STM32U545VEI6, STM32U545VEI6Q, STM32U545VET6, STM32U545VET6Q, STM32U595AIH6, STM32U595AIH6Q, STM32U595AJH6, STM32U595AJH6Q, STM32U595QII6, STM32U595QII6Q, STM32U595QJI6, STM32U595QJI6Q, STM32U595RIT6, STM32U595RIT6Q, STM32U595RJT6, STM32U595RJT6Q, STM32U595VIT6, STM32U595VIT6Q, STM32U595VJT6, STM32U595VJT6Q, STM32U595ZIT6, STM32U595ZIT6Q, STM32U595ZIY6QTR, STM32U595ZJT6, STM32U595ZJT6Q, STM32U595ZJY6QTR, STM32U599BJY6QTR, STM32U599NIH6Q, STM32U599NJH6Q, STM32U599VIT6Q, STM32U599VJT6, STM32U599VJT6Q, STM32U599ZIT6Q, STM32U599ZIY6QTR, STM32U599ZJT6Q, STM32U599ZJY6QTR, STM32U5A5AJH6, STM32U5A5AJH6Q, STM32U5A5QJI6, STM32U5A5QJI6Q, STM32U5A5RJT6, STM32U5A5RJT6Q, STM32U5A5VJT6, STM32U5A5VJT6Q, STM32U5A5ZJT6, STM32U5A5ZJT6Q, STM32U5A5ZJY6QTR, STM32U5A9BJY6QTR, STM32U5A9J-DK, STM32U5A9NJH6Q, STM32U5A9VJT6Q, STM32U5A9ZJT6Q, STM32U5A9ZJY6QTR, STM32WB1MMCH6, STM32WBA52CEU6, STM32WBA52CEU6T, STM32WBA52CGU6, STM32WBA52CGU6T, STM32WL5MOCH6, STM32WL5MOCH6TR]
2024-01-28 17:08:42,550 [INFO] DbMcus:216 - Found 3861 MCUs, 3861 are supported
2024-01-28 17:08:42,550 [INFO] ApiDb:423 - Load user favorites file C:\Users\shrey/.stm32cubeide/favorites.mcus.txt: 0 item(s)
2024-01-28 17:08:42,551 [INFO] ApiDb:427 - User favorites MCUs=[]
2024-01-28 17:08:42,551 [INFO] DbMcus:222 - Set 0 / 0 favorites MCUs
2024-01-28 17:08:42,806 [INFO] ApiDb:448 - Save user favorites file C:\Users\shrey/.stm32cubeide/favorites.boards.txt: 0 item(s)
2024-01-28 17:08:42,807 [INFO] ApiDb:452 - User favorites Boards=[]
2024-01-28 17:08:42,811 [INFO] ApiDb:581 - Connected to CubeFinder SQLite database (C:\Users\shrey\.stmcufinder\plugins\mcufinder\mcu\cube-finder-db.db)
2024-01-28 17:08:42,925 [INFO] ApiDb:668 - CubeFinder database Data Model version=2.1
2024-01-28 17:08:42,925 [INFO] ApiDb:669 - CubeFinder database Configuration version=3.0.39
2024-01-28 17:08:42,925 [INFO] ApiDb:670 - CubeFinder database generation date=2024-01-11 (1704964531)
2024-01-28 17:08:42,925 [INFO] ApiDb:671 - CubeFinder database FW Pack versions=[FP-ATR-ASTRA1_V2.0.0, FP-SNS-FLIGHT1_V5.0.1, FP-SNS-FLIGHT1_V5.0.2, FP-SNS-MOTENV1_V4.3.1, FP-SNS-MOTENV1_V4.3.2, FP-SNS-MOTENVWB1_V1.3.1, FP-SNS-SMARTAG2_V1.2.0, STM32Cube_FW_C0_V1.1.0, STM32Cube_FW_F4_V1.28.0, STM32Cube_FW_F7_V1.17.0, STM32Cube_FW_G0_V1.6.2, STM32Cube_FW_G4_V1.5.2, STM32Cube_FW_H5_V0.5.1, STM32Cube_FW_H5_V1.1.1, STM32Cube_FW_H5_V1.2.0RC2, STM32Cube_FW_H7_V1.11.0, STM32Cube_FW_L0_V1.12.2, STM32Cube_FW_L5_V1.5.0, STM32Cube_FW_U5_V1.3.0RC4, STM32Cube_FW_U5_V1.4.0, STM32Cube_FW_WBA_V1.0.0RC1, STM32Cube_FW_WBA_V1.1.0RC1, STM32Cube_FW_WBA_V1.2.0, STM32Cube_FW_WBA_V1.2.0RC2, STM32Cube_FW_WB_V1.15.0RC1, STM32Cube_FW_WB_V1.16.0, STM32Cube_FW_WB_V1.16.0RC2, STM32Cube_FW_WB_V1.18.0, STM32Cube_FW_WL_V1.3.0, X-CUBE-ALGOBUILD_V1.3.0, X-CUBE-ALS_V1.0.1, X-CUBE-AZRTOS-F4_V1.1.0, X-CUBE-AZRTOS-F7_V1.1.0, X-CUBE-AZRTOS-G0_V1.1.0, X-CUBE-AZRTOS-G4_V2.0.0, X-CUBE-AZRTOS-H7_V3.2.0, X-CUBE-AZRTOS-L4_V1.0.0, X-CUBE-AZRTOS-L4_V2.0.0, X-CUBE-AZRTOS-L5_V1.1.0, X-CUBE-AZRTOS-WB_V2.0.0, X-CUBE-AZRTOS-WL_V2.0.0, X-CUBE-BLE1_V7.0.0, X-CUBE-BLE2_V3.3.0, X-CUBE-BLEMGR_V3.0.0, X-CUBE-EEPRMA1_V4.1.0, X-CUBE-EEPRMA1_V4.2.0, X-CUBE-FREERTOS_V1.1.0, X-CUBE-GNSS1_V6.0.0, X-CUBE-MEMS1_V10.0.0, X-CUBE-MEMS1_V9.1.0, X-CUBE-MEMS1_V9.4.0, X-CUBE-MEMS1_V9.6.0, X-CUBE-NFC4_V3.0.0, X-CUBE-NFC7_V1.0.1, X-CUBE-SFXS2LP1_V4.0.0, X-CUBE-SUBG2_V5.0.0, X-CUBE-TOF1_V3.4.0]
2024-01-28 17:08:42,988 [INFO] DbBoardsSqlite:226 - include board P-NUCLEO-WB55-NUCLEO as a kit item of type 'Nucleo-64'
2024-01-28 17:08:42,988 [INFO] DbBoardsSqlite:226 - include board P-NUCLEO-WB55-USBDONGLE as a kit item of type 'Nucleo USB Dongle'
2024-01-28 17:08:42,989 [INFO] DbBoardsSqlite:226 - include board STEVAL-IDP005V1 as a kit item of type 'Evaluation Board'
2024-01-28 17:08:42,989 [INFO] DbBoardsSqlite:226 - include board STEVAL-IDP005V2 as a kit item of type 'Evaluation Board'
2024-01-28 17:08:43,048 [INFO] ApiDb:240 - Found 297 in-development CPN: [B-G473E-ZEST1S, B-WB1M-WPAN1, B-WL5M-SUBG1, NUCLEO-C031C6, NUCLEO-H503RB, NUCLEO-H563ZI, NUCLEO-U545RE-Q, NUCLEO-U5A5ZJ-Q, NUCLEO-WBA52CG, STEVAL-PROTEUS1, STEVAL-STWINBX1, STM320518-EVAL, STM32C0116-DK, STM32C011D6Y3TR, STM32C011D6Y6TR, STM32C011F4P3, STM32C011F4P6, STM32C011F4U3, STM32C011F4U6TR, STM32C011F6P3, STM32C011F6P6, STM32C011F6U3, STM32C011F6U6TR, STM32C011J4M3, STM32C011J4M6, STM32C011J6M3, STM32C011J6M6, STM32C0316-DK, STM32C031C4T3, STM32C031C4T6, STM32C031C4U3, STM32C031C4U6, STM32C031C6T3, STM32C031C6T6, STM32C031C6U3, STM32C031C6U6, STM32C031F4P3, STM32C031F4P6, STM32C031F6P3, STM32C031F6P6, STM32C031G4U3, STM32C031G4U6, STM32C031G6U3, STM32C031G6U6, STM32C031K4T3, STM32C031K4T6, STM32C031K4U3, STM32C031K4U6, STM32C031K6T3, STM32C031K6T6, STM32C031K6U3, STM32C031K6U6, STM32G071K8TXN, STM32G071K8UXN, STM32G081GBU6N, STM32G081KBT6N, STM32G081KBUXN, STM32G0B1CCT6N, STM32G0B1KCT6, STM32G0B1NEY6TR, STM32G0B1RCT6N, STM32G0C1CCT6, STM32G0C1CCT6N, STM32G0C1CCU6N, STM32G0C1CET6N, STM32G0C1CEU6N, STM32G0C1KCT6, STM32G0C1NEY6TR, STM32G0C1RCI6N, STM32G0C1RCT6N, STM32G0C1REI6N, STM32G0C1RET6N, STM32G0C1VCI6, STM32G0C1VEI6, STM32G471CCT6, STM32G471CCU6, STM32G471CET3, STM32G471CET6, STM32G471CEU3, STM32G471CEU6, STM32G471MCT6, STM32G471MET3, STM32G471MET6, STM32G471MEY6TR, STM32G471QCT6, STM32G471QET3, STM32G471RCT6, STM32G471RET3, STM32G471RET6, STM32G471VCH6, STM32G471VCI6, STM32G471VCT6, STM32G471VEH3, STM32G471VEH6, STM32G471VEI3, STM32G471VEI6, STM32G471VET3, STM32G471VET6, STM32G474CCT6, STM32H503CBT6, STM32H503CBU6, STM32H503EBY6TR, STM32H503KBU6, STM32H503RBT6, STM32H562AGI6, STM32H562AII6, STM32H562IGK6, STM32H562IGT6, STM32H562IIK6, STM32H562IIT6, STM32H562RGT6, STM32H562RGV6, STM32H562RIT6, STM32H562RIV6, STM32H562VGT6, STM32H562VIT6, STM32H562ZGT6, STM32H562ZIT6, STM32H563AGI6, STM32H563AII3Q, STM32H563AII6, STM32H563IGK6, STM32H563IGT6, STM32H563IIK3Q, STM32H563IIK6, STM32H563IIT3Q, STM32H563IIT6, STM32H563MIY3QTR, STM32H563RGT6, STM32H563RGV6, STM32H563RIT6, STM32H563RIV6, STM32H563VGT6, STM32H563VIT3Q, STM32H563VIT6, STM32H563ZGT6, STM32H563ZIT3Q, STM32H563ZIT6, STM32H573AII3Q, STM32H573AII6, STM32H573I-DK, STM32H573IIK3Q, STM32H573IIK6, STM32H573IIT3Q, STM32H573IIT6, STM32H573MIY3QTR, STM32H573RIT6, STM32H573RIV6, STM32H573VIT3Q, STM32H573VIT6, STM32H573ZIT3Q, STM32H573ZIT6, STM32L4R5QGI6STR, STM32MP131AAE3, STM32MP131AAF3, STM32MP131AAG3, STM32MP131CAE3, STM32MP131CAF3, STM32MP131CAG3, STM32MP131DAE7, STM32MP131DAF7, STM32MP131DAG7, STM32MP131FAE7, STM32MP131FAF7, STM32MP131FAG7, STM32MP133AAE3, STM32MP133AAF3, STM32MP133AAG3, STM32MP133CAE3, STM32MP133CAF3, STM32MP133CAG3, STM32MP133DAE7, STM32MP133DAF7, STM32MP133DAG7, STM32MP133FAE7, STM32MP133FAF7, STM32MP133FAG7, STM32MP135AAE3, STM32MP135AAF3, STM32MP135AAG3, STM32MP135CAE3, STM32MP135CAF3, STM32MP135CAG3, STM32MP135DAE7, STM32MP135DAF7, STM32MP135DAG7, STM32MP135F-DK, STM32MP135FAE7, STM32MP135FAF7, STM32MP135FAF7T, STM32MP135FAF7U, STM32MP135FAG7, STM32U535CBT6, STM32U535CBT6Q, STM32U535CBU6, STM32U535CBU6Q, STM32U535CCT6, STM32U535CCT6Q, STM32U535CCU6, STM32U535CCU6Q, STM32U535CET6, STM32U535CET6Q, STM32U535CEU6, STM32U535CEU6Q, STM32U535JEY6QTR, STM32U535NCY6QTR, STM32U535NEY6QTR, STM32U535RBI6, STM32U535RBI6Q, STM32U535RBT6, STM32U535RBT6Q, STM32U535RCI6, STM32U535RCI6Q, STM32U535RCT6, STM32U535RCT6Q, STM32U535REI6, STM32U535REI6Q, STM32U535RET6, STM32U535RET6Q, STM32U535VCI6, STM32U535VCI6Q, STM32U535VCT6, STM32U535VCT6Q, STM32U535VEI6, STM32U535VEI6Q, STM32U535VET6, STM32U535VET6Q, STM32U545CET6, STM32U545CET6Q, STM32U545CEU6, STM32U545CEU6Q, STM32U545JEY6QTR, STM32U545NEY6QTR, STM32U545REI6, STM32U545REI6Q, STM32U545RET6, STM32U545RET6Q, STM32U545VEI6, STM32U545VEI6Q, STM32U545VET6, STM32U545VET6Q, STM32U595AIH6, STM32U595AIH6Q, STM32U595AJH6, STM32U595AJH6Q, STM32U595QII6, STM32U595QII6Q, STM32U595QJI6, STM32U595QJI6Q, STM32U595RIT6, STM32U595RIT6Q, STM32U595RJT6, STM32U595RJT6Q, STM32U595VIT6, STM32U595VIT6Q, STM32U595VJT6, STM32U595VJT6Q, STM32U595ZIT6, STM32U595ZIT6Q, STM32U595ZIY6QTR, STM32U595ZJT6, STM32U595ZJT6Q, STM32U595ZJY6QTR, STM32U599BJY6QTR, STM32U599NIH6Q, STM32U599NJH6Q, STM32U599VIT6Q, STM32U599VJT6, STM32U599VJT6Q, STM32U599ZIT6Q, STM32U599ZIY6QTR, STM32U599ZJT6Q, STM32U599ZJY6QTR, STM32U5A5AJH6, STM32U5A5AJH6Q, STM32U5A5QJI6, STM32U5A5QJI6Q, STM32U5A5RJT6, STM32U5A5RJT6Q, STM32U5A5VJT6, STM32U5A5VJT6Q, STM32U5A5ZJT6, STM32U5A5ZJT6Q, STM32U5A5ZJY6QTR, STM32U5A9BJY6QTR, STM32U5A9J-DK, STM32U5A9NJH6Q, STM32U5A9VJT6Q, STM32U5A9ZJT6Q, STM32U5A9ZJY6QTR, STM32WB1MMCH6, STM32WBA52CEU6, STM32WBA52CEU6T, STM32WBA52CGU6, STM32WBA52CGU6T, STM32WL5MOCH6, STM32WL5MOCH6TR]
2024-01-28 17:08:43,212 [INFO] BoardInfo:880 - No configuration file found for board P-NUCLEO-WB55
2024-01-28 17:08:43,213 [INFO] DbBoards:157 - Kit is not supported: P-NUCLEO-WB55
2024-01-28 17:08:43,218 [INFO] BoardInfo:880 - No configuration file found for board STEVAL-BFA001V1B
2024-01-28 17:08:43,219 [INFO] DbBoards:157 - Kit is not supported: STEVAL-BFA001V1B
2024-01-28 17:08:43,220 [INFO] BoardInfo:880 - No configuration file found for board STEVAL-BFA001V2B
2024-01-28 17:08:43,220 [INFO] DbBoards:157 - Kit is not supported: STEVAL-BFA001V2B
2024-01-28 17:08:43,225 [INFO] BoardInfo:880 - No configuration file found for board STEVAL-MKBOXPRO
2024-01-28 17:08:43,225 [INFO] DbBoards:157 - Board is not supported: STEVAL-MKBOXPRO
2024-01-28 17:08:43,229 [INFO] BoardInfo:880 - No configuration file found for board STEVAL-SMARTAG2
2024-01-28 17:08:43,229 [INFO] DbBoards:157 - Board is not supported: STEVAL-SMARTAG2
2024-01-28 17:08:43,355 [INFO] DbBoards:161 - Found 189 boards, 184 are supported
2024-01-28 17:08:43,356 [INFO] ApiDb:423 - Load user favorites file C:\Users\shrey/.stm32cubeide/favorites.boards.txt: 0 item(s)
2024-01-28 17:08:43,356 [INFO] ApiDb:427 - User favorites Boards=[]
2024-01-28 17:08:43,357 [INFO] DbBoards:190 - Set 0 / 0 favorites Boards
2024-01-28 17:08:43,472 [INFO] ServerAccessManage:473 - Download File 
2024-01-28 17:08:43,489 [INFO] LoadUrlFilesThread:185 - End of LoadServerUrlFiles without Thread
2024-01-28 17:08:43,489 [INFO] TargetSelectorAdapter:259 - Refresh data is successful
2024-01-28 17:08:43,493 [INFO] ApiDb:668 - CubeFinder database Data Model version=2.1
2024-01-28 17:08:43,493 [INFO] ApiDb:669 - CubeFinder database Configuration version=3.0.39
2024-01-28 17:08:43,493 [INFO] ApiDb:670 - CubeFinder database generation date=2024-01-11 (1704964531)
2024-01-28 17:08:43,493 [INFO] ApiDb:671 - CubeFinder database FW Pack versions=[FP-ATR-ASTRA1_V2.0.0, FP-SNS-FLIGHT1_V5.0.1, FP-SNS-FLIGHT1_V5.0.2, FP-SNS-MOTENV1_V4.3.1, FP-SNS-MOTENV1_V4.3.2, FP-SNS-MOTENVWB1_V1.3.1, FP-SNS-SMARTAG2_V1.2.0, STM32Cube_FW_C0_V1.1.0, STM32Cube_FW_F4_V1.28.0, STM32Cube_FW_F7_V1.17.0, STM32Cube_FW_G0_V1.6.2, STM32Cube_FW_G4_V1.5.2, STM32Cube_FW_H5_V0.5.1, STM32Cube_FW_H5_V1.1.1, STM32Cube_FW_H5_V1.2.0RC2, STM32Cube_FW_H7_V1.11.0, STM32Cube_FW_L0_V1.12.2, STM32Cube_FW_L5_V1.5.0, STM32Cube_FW_U5_V1.3.0RC4, STM32Cube_FW_U5_V1.4.0, STM32Cube_FW_WBA_V1.0.0RC1, STM32Cube_FW_WBA_V1.1.0RC1, STM32Cube_FW_WBA_V1.2.0, STM32Cube_FW_WBA_V1.2.0RC2, STM32Cube_FW_WB_V1.15.0RC1, STM32Cube_FW_WB_V1.16.0, STM32Cube_FW_WB_V1.16.0RC2, STM32Cube_FW_WB_V1.18.0, STM32Cube_FW_WL_V1.3.0, X-CUBE-ALGOBUILD_V1.3.0, X-CUBE-ALS_V1.0.1, X-CUBE-AZRTOS-F4_V1.1.0, X-CUBE-AZRTOS-F7_V1.1.0, X-CUBE-AZRTOS-G0_V1.1.0, X-CUBE-AZRTOS-G4_V2.0.0, X-CUBE-AZRTOS-H7_V3.2.0, X-CUBE-AZRTOS-L4_V1.0.0, X-CUBE-AZRTOS-L4_V2.0.0, X-CUBE-AZRTOS-L5_V1.1.0, X-CUBE-AZRTOS-WB_V2.0.0, X-CUBE-AZRTOS-WL_V2.0.0, X-CUBE-BLE1_V7.0.0, X-CUBE-BLE2_V3.3.0, X-CUBE-BLEMGR_V3.0.0, X-CUBE-EEPRMA1_V4.1.0, X-CUBE-EEPRMA1_V4.2.0, X-CUBE-FREERTOS_V1.1.0, X-CUBE-GNSS1_V6.0.0, X-CUBE-MEMS1_V10.0.0, X-CUBE-MEMS1_V9.1.0, X-CUBE-MEMS1_V9.4.0, X-CUBE-MEMS1_V9.6.0, X-CUBE-NFC4_V3.0.0, X-CUBE-NFC7_V1.0.1, X-CUBE-SFXS2LP1_V4.0.0, X-CUBE-SUBG2_V5.0.0, X-CUBE-TOF1_V3.4.0]
2024-01-28 17:08:44,477 [ERROR] DbExamplesSqlite:418 - Missing JSON key: board_cpn
2024-01-28 17:08:44,477 [ERROR] DbExamplesSqlite:418 - Missing JSON key: board_cpn
2024-01-28 17:08:44,477 [ERROR] DbExamplesSqlite:418 - Missing JSON key: board_cpn
2024-01-28 17:08:44,477 [ERROR] DbExamplesSqlite:418 - Missing JSON key: board_cpn
2024-01-28 17:08:44,548 [INFO] DbExamplesSqlite:376 - Ignored 55 examples not supported by CubeIDE
2024-01-28 17:08:44,548 [INFO] DbExamplesSqlite:377 - Found 7560 examples active
2024-01-28 17:08:44,548 [INFO] DbExamplesSqlite:378 - Found 844 examples obsolete
2024-01-28 17:08:44,549 [INFO] DbExamplesSqlite:379 - Found 0 examples under development
2024-01-28 17:08:44,549 [INFO] DbExamplesSqlite:380 - Found 8 examples not building
2024-01-28 17:08:44,550 [INFO] DbExamples:125 - Found 7513 examples
2024-01-28 17:08:44,628 [ERROR] DbExamples:208 - Found 269 examples with invalid data (board or MCU)
2024-01-28 17:08:44,628 [INFO] DbExamples:222 - Found 92 boards with related examples
2024-01-28 17:08:44,629 [INFO] DbExamples:235 - Found 78 MCUs with related examples
2024-01-28 17:08:44,647 [INFO] ApiDb:414 - User favorites file not found: C:\Users\shrey/.stm32cubeide/favorites.examples.txt
2024-01-28 17:08:44,651 [INFO] DbExamples:250 - Set 0 / 0 favorites Examples
2024-01-28 17:08:48,209 [INFO] McuFinderGlobals:66 - Set McuFinderConnectedMode to true
2024-01-28 17:08:48,212 [INFO] MultiScanPanel:200 - Auto-refresh data requested => check proxy status ongoing
2024-01-28 17:08:48,213 [INFO] FinderPluginLoader:95 - Searching for filters in installed packs
2024-01-28 17:08:48,221 [INFO] FinderPluginLoader:108 - Found C:\Users\shrey\STM32Cube\Repository\Packs\STMicroelectronics\X-CUBE-AI\8.0.0\CubeMX\plugins\ip\ai.8.0.0.jar
2024-01-28 17:08:48,221 [INFO] FinderPluginLoader:118 - Loading ai.8.0.0
2024-01-28 17:08:48,317 [INFO] McuExtendedFiltersManager:95 - Add MCU extended filter: Artificial Intelligence
2024-01-28 17:08:48,334 [INFO] MainUpdater:2854 - connection check result : 10
2024-01-28 17:08:48,982 [INFO] AInterface:109 - AInterface using toolDir: C:/Users/shrey/STM32Cube/Repository//Packs/STMicroelectronics/X-CUBE-AI/8.0.0/Utilities/windows
2024-01-28 17:08:49,410 [INFO] LoadUrlFilesThread:185 - End of LoadServerUrlFiles without Thread
2024-01-28 17:08:49,486 [INFO] DetailPanel:341 - Set advertising image to C:/Users/shrey/STM32Cube/Repository/\en.prom-stm32wl3-mcu-finder.jpg
2024-01-28 17:08:50,370 [INFO] McuFinderGlobals:66 - Set McuFinderConnectedMode to true
2024-01-28 17:08:50,371 [INFO] MultiScanPanel:200 - Auto-refresh data requested => check proxy status ongoing
2024-01-28 17:08:50,372 [INFO] FinderPluginLoader:95 - Searching for filters in installed packs
2024-01-28 17:08:50,373 [INFO] FinderPluginLoader:108 - Found C:\Users\shrey\STM32Cube\Repository\Packs\STMicroelectronics\X-CUBE-AI\8.0.0\CubeMX\plugins\ip\ai.8.0.0.jar
2024-01-28 17:08:50,373 [INFO] FinderPluginLoader:118 - Loading ai.8.0.0
2024-01-28 17:08:50,391 [INFO] McuExtendedFiltersManager:95 - Add MCU extended filter: Artificial Intelligence
2024-01-28 17:08:51,023 [INFO] AInterface:109 - AInterface using toolDir: C:/Users/shrey/STM32Cube/Repository//Packs/STMicroelectronics/X-CUBE-AI/8.0.0/Utilities/windows
2024-01-28 17:08:51,421 [INFO] LoadUrlFilesThread:185 - End of LoadServerUrlFiles without Thread
2024-01-28 17:08:51,421 [INFO] DetailPanel:341 - Set advertising image to C:/Users/shrey/STM32Cube/Repository/\en.prom-stm32wl3-mcu-finder.jpg
2024-01-28 17:08:54,215 [INFO] MultiScanPanel:200 - Auto-refresh data requested => check proxy status ongoing
2024-01-28 17:08:54,282 [INFO] LoadUrlFilesThread:185 - End of LoadServerUrlFiles without Thread
2024-01-28 17:08:54,283 [INFO] DetailPanel:341 - Set advertising image to C:/Users/shrey/STM32Cube/Repository/\en.prom-stm32wl3-mcu-finder.jpg
2024-01-28 17:08:59,306 [INFO] BoardResultTable:719 - Mark Board NUCLEO-F446RE as favorite
2024-01-28 17:09:27,660 [INFO] McuFinderGlobals:66 - Set McuFinderConnectedMode to true
2024-01-28 17:09:27,670 [INFO] ApiDb:448 - Save user favorites file C:\Users\shrey/.stm32cubeide/favorites.mcus.txt: 0 item(s)
2024-01-28 17:09:27,670 [INFO] ApiDb:452 - User favorites MCUs=[]
2024-01-28 17:09:27,670 [INFO] ApiDb:448 - Save user favorites file C:\Users\shrey/.stm32cubeide/favorites.boards.txt: 1 item(s)
2024-01-28 17:09:27,670 [INFO] ApiDb:452 - User favorites Boards=[NUCLEO-F446RE]
